<?xml version="1.0" encoding="UTF-8"?>
<testsuite xmlns:xsi="http://www.w3.org/2001/XMLSchema-instance" xsi:noNamespaceSchemaLocation="https://maven.apache.org/surefire/maven-surefire-plugin/xsd/surefire-test-report.xsd" version="3.0.2" name="MiniMdeGeneratorTest" time="0.485" tests="3" errors="0" skipped="0" failures="0">
  <properties>
[...]
</properties>
  <testcase name="rejectsInvalidModel" classname="MiniMdeGeneratorTest" time="0.066"/>
  <testcase name="generatedArtifactReallyCompiles" classname="MiniMdeGeneratorTest" time="0.388"/>
  <testcase name="generatesAJavaRecordFromTheModel" classname="MiniMdeGeneratorTest" time="0.008"/>
</testsuite>